
LICENSE SYSTEM [2018617 12:30:2] Next license update check is after 2018-06-17T10:48:20

[Package Manager] Server::Start -- Port 56781 was selected

 COMMAND LINE ARGUMENTS:
/home/cebu_english_club/Unity-2017.4.4f1/Editor/Unity
-batchmode
-nographics
-stackTraceLogType=Full
-logFile
unity.log
-quit
-username
frecre7891@gmail.com
-password
(hidden)
-projectPath
/home/cebu_english_club/Unity-2017.4.4f1/Standard Assets Example Project/
-executeMethod
UnityStandardAssets.CrossPlatformInput.Inspector.CrossPlatformInitialize.Enable
Successfully changed project path to: /home/cebu_english_club/Unity-2017.4.4f1/Standard Assets Example Project/
/home/cebu_english_club/Unity-2017.4.4f1/Standard Assets Example Project
UpdateMenuTitleForLanguage: 10
Loading GUID <-> Path mappings...0.000028 seconds
Loading Asset Database...0.017666 seconds
Platform WindowsStandaloneSupport does not support graphics device type 
 
(Filename: /home/builduser/buildslave/unity/build/Editor/Src/EditorOnlyPlayerSettings.cpp Line: 1243)

Platform WindowsStandaloneSupport does not support graphics device type 
 
(Filename: /home/builduser/buildslave/unity/build/Editor/Src/EditorOnlyPlayerSettings.cpp Line: 1243)

Audio: FMOD Profiler initialized on port 54900
AudioManager: Using PulseAudio: Default Output Device
AssetDatabase consistency checks...0.042313 seconds
Refreshing native plugins compatible for Editor in 6.51 ms, found 0 plugins.
Preloading 0 native plugins for Editor in 0.00 ms.
DisplayProgressbar: Unity Package Manager
[Package Manager] Resolving 4 packages:
[Package Manager]  * Package :  com.unity.ads@2.0.8
    (location: /home/cebu_english_club/.config/unity3d/cache/packages/packages.unity.com/com.unity.ads@2.0.8)
[Package Manager]  * Package :  com.unity.analytics@2.0.13
    (location: /home/cebu_english_club/.config/unity3d/cache/packages/packages.unity.com/com.unity.analytics@2.0.13)
[Package Manager]  * Package :  com.unity.purchasing@0.0.19
    (location: /home/cebu_english_club/.config/unity3d/cache/packages/packages.unity.com/com.unity.purchasing@0.0.19)
[Package Manager]  * Package :  com.unity.standardevents@1.0.10
    (location: /home/cebu_english_club/.config/unity3d/cache/packages/packages.unity.com/com.unity.standardevents@1.0.10)
[Package Manager] Resolve completed
Initialize engine version: 2017.4.4f1 (e685bfa3c483)
Forcing GfxDevice: Null
NullGfxDevice:
    Version:  NULL 1.0 [1.0]
    Renderer: Null Device
    Vendor:   Unity Technologies
Initialize mono
Mono path[0] = '/home/cebu_english_club/Unity-2017.4.4f1/Editor/Data/Managed'
Mono path[1] = '/home/cebu_english_club/Unity-2017.4.4f1/Editor/Data/Mono/lib/mono/2.0'
Mono config path = '/home/cebu_english_club/Unity-2017.4.4f1/Editor/Data/Mono/etc'
Using monoOptions --debugger-agent=transport=dt_socket,embedding=1,defer=y,address=0.0.0.0:56603
Begin MonoManager ReloadAssembly
Initializing Unity.PackageManager (PackageManager) v2017.4.4 for Unity v2017.4.4f1
Missing assembly 	Editor/UnityEditor.TestRunner.dll for TestRunner. Extension support may be incomplete.
UnityEngine.DebugLogHandler:Internal_Log(LogType, String, Object)
UnityEngine.DebugLogHandler:LogFormat(LogType, Object, String, Object[])
UnityEngine.Logger:LogFormat(LogType, String, Object[])
UnityEngine.Debug:LogWarningFormat(String, Object[])
UnityEditor.Modules.ModuleManager:LoadUnityExtensions() (at /home/builduser/buildslave/unity/build/Editor/Mono/Modules/ModuleManager.cs:196)
UnityEditor.Modules.ModuleManager:InitializeModuleManager() (at /home/builduser/buildslave/unity/build/Editor/Mono/Modules/ModuleManager.cs:167)
 
(Filename: /home/builduser/buildslave/unity/build/Editor/Mono/Modules/ModuleManager.cs Line: 196)

Registering precompiled unity dll's ...
Register platform support module: /home/cebu_english_club/Unity-2017.4.4f1/Editor/Data/PlaybackEngines/AndroidPlayer/UnityEditor.Android.Extensions.dll
Register platform support module: /home/cebu_english_club/Unity-2017.4.4f1/Editor/Data/PlaybackEngines/iOSSupport/UnityEditor.iOS.Extensions.dll
Register platform support module: /home/cebu_english_club/Unity-2017.4.4f1/Editor/Data/PlaybackEngines/WebGLSupport/UnityEditor.WebGL.Extensions.dll
Register platform support module: /home/cebu_english_club/Unity-2017.4.4f1/Editor/Data/PlaybackEngines/LinuxStandaloneSupport/UnityEditor.LinuxStandalone.Extensions.dll
Register platform support module: /home/cebu_english_club/Unity-2017.4.4f1/Editor/Data/PlaybackEngines/WindowsStandaloneSupport/UnityEditor.WindowsStandalone.Extensions.dll
Register platform support module: /home/cebu_english_club/Unity-2017.4.4f1/Editor/Data/PlaybackEngines/MacStandaloneSupport/UnityEditor.OSXStandalone.Extensions.dll
Register platform support module: /home/cebu_english_club/Unity-2017.4.4f1/Editor/Data/PlaybackEngines/Facebook/UnityEditor.Facebook.Extensions.dll
Registered in 0.014274 seconds.
System.SystemException: Error running gmcs: Cannot find the specified file
  at Mono.CSharp.CSharpCodeCompiler.CompileFromFileBatch (System.CodeDom.Compiler.CompilerParameters options, System.String[] fileNames) [0x00000] in <filename unknown>:0 
  at Mono.CSharp.CSharpCodeCompiler.CompileAssemblyFromFileBatch (System.CodeDom.Compiler.CompilerParameters options, System.String[] fileNames) [0x00000] in <filename unknown>:0 
  at Mono.CSharp.CSharpCodeCompiler.CompileAssemblyFromFile (System.CodeDom.Compiler.CompilerParameters options, System.String fileName) [0x00000] in <filename unknown>:0 
  at System.Xml.Serialization.XmlSerializer.GenerateSerializers (System.Xml.Serialization.GenerationBatch batch, System.CodeDom.Compiler.CompilerParameters cp) [0x00000] in <filename unknown>:0 
  at System.Xml.Serialization.XmlSerializer.RunSerializerGeneration (System.Object obj) [0x00000] in <filename unknown>:0 
System.SystemException: Error running gmcs: Cannot find the specified file
  at Mono.CSharp.CSharpCodeCompiler.CompileFromFileBatch (System.CodeDom.Compiler.CompilerParameters options, System.String[] fileNames) [0x00000] in <filename unknown>:0 
  at Mono.CSharp.CSharpCodeCompiler.CompileAssemblyFromFileBatch (System.CodeDom.Compiler.CompilerParameters options, System.String[] fileNames) [0x00000] in <filename unknown>:0 
  at Mono.CSharp.CSharpCodeCompiler.CompileAssemblyFromFile (System.CodeDom.Compiler.CompilerParameters options, System.String fileName) [0x00000] in <filename unknown>:0 
  at System.Xml.Serialization.XmlSerializer.GenerateSerializers (System.Xml.Serialization.GenerationBatch batch, System.CodeDom.Compiler.CompilerParameters cp) [0x00000] in <filename unknown>:0 
  at System.Xml.Serialization.XmlSerializer.RunSerializerGeneration (System.Object obj) [0x00000] in <filename unknown>:0 
Refreshing native plugins compatible for Editor in 2.63 ms, found 0 plugins.
Preloading 0 native plugins for Editor in 0.00 ms.
Mono: successfully reloaded assembly
- Completed reload, in  1.110 seconds
Registering platform support modules:
Registered platform support modules in: 0.13994s.
Native extension for Facebook target not found
Waiting for facebook SDK update, since required SDK version FACEBOOK_INCLUDED_SDK_VERSION is not available.
Native extension for OSXStandalone target not found
Native extension for WindowsStandalone target not found
Native extension for LinuxStandalone target not found
Native extension for WebGL target not found
Native extension for iOS target not found
Native extension for Android target not found
SDKUpdater failed: stdout:
stderr:

UnityEngine.DebugLogHandler:Internal_Log(LogType, String, Object)
UnityEngine.DebugLogHandler:LogFormat(LogType, Object, String, Object[])
UnityEngine.Logger:Log(LogType, Object)
UnityEngine.Debug:LogError(Object)
UnityEditor.Facebook.<Initialize>c__AnonStorey1:<>m__0(Object, EventArgs) (at C:\buildslave\unity\build\PlatformDependent\Facebook\Extensions\Managed\SDKManager.cs:377)
System.Diagnostics.Process:OnExited()
System.Diagnostics.Process:CBOnExit(Object, Boolean)
System.Threading.RegisteredWaitHandle:DoCallBack(Object) (at /Users/builduser/buildslave/mono/build/mcs/class/corlib/System.Threading/RegisteredWaitHandle.cs:96)
 
(Filename: C Line: 0)

Begin MonoManager ReloadAssembly
Registering precompiled user dll's ...
Registered in 0.015768 seconds.
Refreshing native plugins compatible for Editor in 2.67 ms, found 0 plugins.
Preloading 0 native plugins for Editor in 0.00 ms.
Mono: successfully reloaded assembly
- Completed reload, in  0.843 seconds
Initializing Unity.PackageManager (PackageManager) v2017.4.4 for Unity v2017.4.4f1
Missing assembly 	Editor/UnityEditor.TestRunner.dll for TestRunner. Extension support may be incomplete.
UnityEngine.DebugLogHandler:Internal_Log(LogType, String, Object)
UnityEngine.DebugLogHandler:LogFormat(LogType, Object, String, Object[])
UnityEngine.Logger:LogFormat(LogType, String, Object[])
UnityEngine.Debug:LogWarningFormat(String, Object[])
UnityEditor.Modules.ModuleManager:LoadUnityExtensions() (at /home/builduser/buildslave/unity/build/Editor/Mono/Modules/ModuleManager.cs:196)
UnityEditor.Modules.ModuleManager:InitializeModuleManager() (at /home/builduser/buildslave/unity/build/Editor/Mono/Modules/ModuleManager.cs:167)
 
(Filename: /home/builduser/buildslave/unity/build/Editor/Mono/Modules/ModuleManager.cs Line: 196)

Registering platform support modules:
Registered platform support modules in: 0.0661113s.
Native extension for Facebook target not found
Native extension for OSXStandalone target not found
Native extension for WindowsStandalone target not found
Native extension for LinuxStandalone target not found
Native extension for WebGL target not found
Native extension for iOS target not found
Native extension for Android target not found
- Starting compile Library/ScriptAssemblies/Assembly-CSharp-firstpass.dll

-----Compiler Commandline Arguments:
Filename: /home/cebu_english_club/Unity-2017.4.4f1/Editor/Data/MonoBleedingEdge/bin/mono
Arguments: '/home/cebu_english_club/Unity-2017.4.4f1/Editor/Data/MonoBleedingEdge/lib/mono/4.5/mcs.exe'  @Temp/UnityTempFile-4fba99672e1ba44b5befdff1e12c74c4
index: 95
Responsefile: Temp/UnityTempFile-4fba99672e1ba44b5befdff1e12c74c4 Contents: 
-debug
-target:library
-nowarn:0169
-langversion:4
-out:'Temp/Assembly-CSharp-firstpass.dll'
-unsafe
-r:'/home/cebu_english_club/Unity-2017.4.4f1/Editor/Data/Managed/UnityEditor.dll'
-r:'/home/cebu_english_club/Unity-2017.4.4f1/Editor/Data/Managed/UnityEngine/UnityEngine.dll'
-r:'/home/cebu_english_club/Unity-2017.4.4f1/Editor/Data/Managed/UnityEngine/UnityEngine.CoreModule.dll'
-r:'/home/cebu_english_club/Unity-2017.4.4f1/Editor/Data/Managed/UnityEngine/UnityEngine.AccessibilityModule.dll'
-r:'/home/cebu_english_club/Unity-2017.4.4f1/Editor/Data/Managed/UnityEngine/UnityEngine.ParticleSystemModule.dll'
-r:'/home/cebu_english_club/Unity-2017.4.4f1/Editor/Data/Managed/UnityEngine/UnityEngine.PhysicsModule.dll'
-r:'/home/cebu_english_club/Unity-2017.4.4f1/Editor/Data/Managed/UnityEngine/UnityEngine.VehiclesModule.dll'
-r:'/home/cebu_english_club/Unity-2017.4.4f1/Editor/Data/Managed/UnityEngine/UnityEngine.ClothModule.dll'
-r:'/home/cebu_english_club/Unity-2017.4.4f1/Editor/Data/Managed/UnityEngine/UnityEngine.AIModule.dll'
-r:'/home/cebu_english_club/Unity-2017.4.4f1/Editor/Data/Managed/UnityEngine/UnityEngine.AnimationModule.dll'
-r:'/home/cebu_english_club/Unity-2017.4.4f1/Editor/Data/Managed/UnityEngine/UnityEngine.TextRenderingModule.dll'
-r:'/home/cebu_english_club/Unity-2017.4.4f1/Editor/Data/Managed/UnityEngine/UnityEngine.UIModule.dll'
-r:'/home/cebu_english_club/Unity-2017.4.4f1/Editor/Data/Managed/UnityEngine/UnityEngine.TerrainPhysicsModule.dll'
-r:'/home/cebu_english_club/Unity-2017.4.4f1/Editor/Data/Managed/UnityEngine/UnityEngine.IMGUIModule.dll'
-r:'/home/cebu_english_club/Unity-2017.4.4f1/Editor/Data/Managed/UnityEngine/UnityEngine.ClusterInputModule.dll'
-r:'/home/cebu_english_club/Unity-2017.4.4f1/Editor/Data/Managed/UnityEngine/UnityEngine.ClusterRendererModule.dll'
-r:'/home/cebu_english_club/Unity-2017.4.4f1/Editor/Data/Managed/UnityEngine/UnityEngine.UNETModule.dll'
-r:'/home/cebu_english_club/Unity-2017.4.4f1/Editor/Data/Managed/UnityEngine/UnityEngine.DirectorModule.dll'
-r:'/home/cebu_english_club/Unity-2017.4.4f1/Editor/Data/Managed/UnityEngine/UnityEngine.UnityAnalyticsModule.dll'
-r:'/home/cebu_english_club/Unity-2017.4.4f1/Editor/Data/Managed/UnityEngine/UnityEngine.PerformanceReportingModule.dll'
-r:'/home/cebu_english_club/Unity-2017.4.4f1/Editor/Data/Managed/UnityEngine/UnityEngine.UnityConnectModule.dll'
-r:'/home/cebu_english_club/Unity-2017.4.4f1/Editor/Data/Managed/UnityEngine/UnityEngine.WebModule.dll'
-r:'/home/cebu_english_club/Unity-2017.4.4f1/Editor/Data/Managed/UnityEngine/UnityEngine.ARModule.dll'
-r:'/home/cebu_english_club/Unity-2017.4.4f1/Editor/Data/Managed/UnityEngine/UnityEngine.VRModule.dll'
-r:'/home/cebu_english_club/Unity-2017.4.4f1/Editor/Data/Managed/UnityEngine/UnityEngine.UIElementsModule.dll'
-r:'/home/cebu_english_club/Unity-2017.4.4f1/Editor/Data/Managed/UnityEngine/UnityEngine.StyleSheetsModule.dll'
-r:'/home/cebu_english_club/Unity-2017.4.4f1/Editor/Data/Managed/UnityEngine/UnityEngine.AssetBundleModule.dll'
-r:'/home/cebu_english_club/Unity-2017.4.4f1/Editor/Data/Managed/UnityEngine/UnityEngine.AudioModule.dll'
-r:'/home/cebu_english_club/Unity-2017.4.4f1/Editor/Data/Managed/UnityEngine/UnityEngine.CrashReportingModule.dll'
-r:'/home/cebu_english_club/Unity-2017.4.4f1/Editor/Data/Managed/UnityEngine/UnityEngine.GameCenterModule.dll'
-r:'/home/cebu_english_club/Unity-2017.4.4f1/Editor/Data/Managed/UnityEngine/UnityEngine.GridModule.dll'
-r:'/home/cebu_english_club/Unity-2017.4.4f1/Editor/Data/Managed/UnityEngine/UnityEngine.ImageConversionModule.dll'
-r:'/home/cebu_english_club/Unity-2017.4.4f1/Editor/Data/Managed/UnityEngine/UnityEngine.InputModule.dll'
-r:'/home/cebu_english_club/Unity-2017.4.4f1/Editor/Data/Managed/UnityEngine/UnityEngine.JSONSerializeModule.dll'
-r:'/home/cebu_english_club/Unity-2017.4.4f1/Editor/Data/Managed/UnityEngine/UnityEngine.ParticlesLegacyModule.dll'
-r:'/home/cebu_english_club/Unity-2017.4.4f1/Editor/Data/Managed/UnityEngine/UnityEngine.Physics2DModule.dll'
-r:'/home/cebu_english_club/Unity-2017.4.4f1/Editor/Data/Managed/UnityEngine/UnityEngine.ScreenCaptureModule.dll'
-r:'/home/cebu_english_club/Unity-2017.4.4f1/Editor/Data/Managed/UnityEngine/UnityEngine.SharedInternalsModule.dll'
-r:'/home/cebu_english_club/Unity-2017.4.4f1/Editor/Data/Managed/UnityEngine/UnityEngine.SpriteMaskModule.dll'
-r:'/home/cebu_english_club/Unity-2017.4.4f1/Editor/Data/Managed/UnityEngine/UnityEngine.SpriteShapeModule.dll'
-r:'/home/cebu_english_club/Unity-2017.4.4f1/Editor/Data/Managed/UnityEngine/UnityEngine.TerrainModule.dll'
-r:'/home/cebu_english_club/Unity-2017.4.4f1/Editor/Data/Managed/UnityEngine/UnityEngine.TilemapModule.dll'
-r:'/home/cebu_english_club/Unity-2017.4.4f1/Editor/Data/Managed/UnityEngine/UnityEngine.UnityWebRequestModule.dll'
-r:'/home/cebu_english_club/Unity-2017.4.4f1/Editor/Data/Managed/UnityEngine/UnityEngine.UnityWebRequestAudioModule.dll'
-r:'/home/cebu_english_club/Unity-2017.4.4f1/Editor/Data/Managed/UnityEngine/UnityEngine.UnityWebRequestTextureModule.dll'
-r:'/home/cebu_english_club/Unity-2017.4.4f1/Editor/Data/Managed/UnityEngine/UnityEngine.UnityWebRequestWWWModule.dll'
-r:'/home/cebu_english_club/Unity-2017.4.4f1/Editor/Data/Managed/UnityEngine/UnityEngine.VideoModule.dll'
-r:'/home/cebu_english_club/Unity-2017.4.4f1/Editor/Data/Managed/UnityEngine/UnityEngine.WindModule.dll'
-r:'Library/FacebookSDK/Facebook.Unity.Settings.dll'
-r:'/home/cebu_english_club/Unity-2017.4.4f1/Editor/Data/UnityExtensions/Unity/GUISystem/UnityEngine.UI.dll'
-r:'/home/cebu_english_club/Unity-2017.4.4f1/Editor/Data/UnityExtensions/Unity/Networking/UnityEngine.Networking.dll'
-r:'/home/cebu_english_club/Unity-2017.4.4f1/Editor/Data/UnityExtensions/Unity/TestRunner/UnityEngine.TestRunner.dll'
-r:'/home/cebu_english_club/Unity-2017.4.4f1/Editor/Data/UnityExtensions/Unity/TestRunner/net35/unity-custom/nunit.framework.dll'
-r:'/home/cebu_english_club/Unity-2017.4.4f1/Editor/Data/UnityExtensions/Unity/Timeline/RuntimeEditor/UnityEngine.Timeline.dll'
-r:'/home/cebu_english_club/Unity-2017.4.4f1/Editor/Data/UnityExtensions/Unity/UIAutomation/UnityEngine.UIAutomation.dll'
-r:'/home/cebu_english_club/Unity-2017.4.4f1/Editor/Data/UnityExtensions/Unity/UnityGoogleAudioSpatializer/RuntimeEditor/UnityEngine.GoogleAudioSpatializer.dll'
-r:'/home/cebu_english_club/Unity-2017.4.4f1/Editor/Data/UnityExtensions/Unity/UnityHoloLens/RuntimeEditor/UnityEngine.HoloLens.dll'
-r:'/home/cebu_english_club/Unity-2017.4.4f1/Editor/Data/UnityExtensions/Unity/UnitySpatialTracking/RuntimeEditor/UnityEngine.SpatialTracking.dll'
-r:'/home/cebu_english_club/.config/unity3d/cache/packages/packages.unity.com/com.unity.analytics@2.0.13/UnityEngine.Analytics.dll'
-r:'/home/cebu_english_club/.config/unity3d/cache/packages/packages.unity.com/com.unity.purchasing@0.0.19/UnityEngine.Purchasing.dll'
-r:'/home/cebu_english_club/.config/unity3d/cache/packages/packages.unity.com/com.unity.standardevents@1.0.10/UnityEngine.StandardEvents.dll'
-r:'/home/cebu_english_club/Unity-2017.4.4f1/Editor/Data/PlaybackEngines/iOSSupport/UnityEditor.iOS.Extensions.Xcode.dll'
-r:'/home/cebu_english_club/Unity-2017.4.4f1/Editor/Data/PlaybackEngines/iOSSupport/UnityEditor.iOS.Extensions.Common.dll'
-define:UNITY_5_3_OR_NEWER
-define:UNITY_5_4_OR_NEWER
-define:UNITY_5_5_OR_NEWER
-define:UNITY_5_6_OR_NEWER
-define:UNITY_2017_1_OR_NEWER
-define:UNITY_2017_2_OR_NEWER
-define:UNITY_2017_3_OR_NEWER
-define:UNITY_2017_4_OR_NEWER
-define:UNITY_2017_4_4
-define:UNITY_2017_4
-define:UNITY_2017
-define:PLATFORM_ARCH_64
-define:UNITY_64
-define:ENABLE_AUDIO
-define:ENABLE_CACHING
-define:ENABLE_CLOTH
-define:ENABLE_DUCK_TYPING
-define:ENABLE_GENERICS
-define:ENABLE_PVR_GI
-define:ENABLE_MICROPHONE
-define:ENABLE_MULTIPLE_DISPLAYS
-define:ENABLE_PHYSICS
-define:ENABLE_SPRITERENDERER_FLIPPING
-define:ENABLE_SPRITES
-define:ENABLE_GRID
-define:ENABLE_TILEMAP
-define:ENABLE_TERRAIN
-define:ENABLE_RAKNET
-define:ENABLE_DIRECTOR
-define:ENABLE_UNET
-define:ENABLE_LZMA
-define:ENABLE_UNITYEVENTS
-define:ENABLE_WEBCAM
-define:ENABLE_WWW
-define:ENABLE_CLOUD_SERVICES_COLLAB
-define:ENABLE_CLOUD_SERVICES_COLLAB_SOFTLOCKS
-define:ENABLE_CLOUD_SERVICES_ADS
-define:ENABLE_CLOUD_HUB
-define:ENABLE_CLOUD_PROJECT_ID
-define:ENABLE_CLOUD_SERVICES_USE_WEBREQUEST
-define:ENABLE_CLOUD_SERVICES_UNET
-define:ENABLE_CLOUD_SERVICES_BUILD
-define:ENABLE_CLOUD_LICENSE
-define:ENABLE_EDITOR_HUB
-define:ENABLE_EDITOR_HUB_LICENSE
-define:ENABLE_WEBSOCKET_CLIENT
-define:ENABLE_DIRECTOR_AUDIO
-define:ENABLE_DIRECTOR_TEXTURE
-define:ENABLE_TIMELINE
-define:ENABLE_EDITOR_METRICS
-define:ENABLE_EDITOR_METRICS_CACHING
-define:ENABLE_NATIVE_ARRAY
-define:ENABLE_SPRITE_MASKING
-define:INCLUDE_DYNAMIC_GI
-define:INCLUDE_GI
-define:ENABLE_MONO_BDWGC
-define:PLATFORM_SUPPORTS_MONO
-define:RENDER_SOFTWARE_CURSOR
-define:INCLUDE_PUBNUB
-define:ENABLE_PLAYMODE_TESTS_RUNNER
-define:ENABLE_VIDEO
-define:ENABLE_RMGUI
-define:ENABLE_PACKMAN
-define:ENABLE_CUSTOM_RENDER_TEXTURE
-define:ENABLE_STYLE_SHEETS
-define:ENABLE_LOCALIZATION
-define:PLATFORM_STANDALONE_OSX
-define:PLATFORM_STANDALONE
-define:UNITY_STANDALONE_OSX
-define:UNITY_STANDALONE
-define:ENABLE_SUBSTANCE
-define:ENABLE_GAMECENTER
-define:ENABLE_RUNTIME_GI
-define:ENABLE_MOVIES
-define:ENABLE_NETWORK
-define:ENABLE_CRUNCH_TEXTURE_COMPRESSION
-define:ENABLE_UNITYWEBREQUEST
-define:ENABLE_CLOUD_SERVICES
-define:ENABLE_CLOUD_SERVICES_ANALYTICS
-define:ENABLE_CLOUD_SERVICES_PURCHASING
-define:ENABLE_CLOUD_SERVICES_CRASH_REPORTING
-define:ENABLE_CLOUD_SERVICES_NATIVE_CRASH_REPORTING
-define:ENABLE_CLUSTERINPUT
-define:ENABLE_VR
-define:ENABLE_AR
-define:ENABLE_SPATIALTRACKING
-define:ENABLE_WEBSOCKET_HOST
-define:ENABLE_MONO
-define:NET_2_0_SUBSET
-define:ENABLE_PROFILER
-define:DEBUG
-define:TRACE
-define:UNITY_ASSERTIONS
-define:UNITY_EDITOR
-define:UNITY_EDITOR_64
-define:UNITY_EDITOR_LINUX
-define:ENABLE_NATIVE_ARRAY_CHECKS
-define:UNITY_TEAM_LICENSE
-define:CROSS_PLATFORM_INPUT
'Assets/Standard Assets/2D/Scripts/Camera2DFollow.cs'
'Assets/Standard Assets/2D/Scripts/CameraFollow.cs'
'Assets/Standard Assets/2D/Scripts/Platformer2DUserControl.cs'
'Assets/Standard Assets/2D/Scripts/PlatformerCharacter2D.cs'
'Assets/Standard Assets/2D/Scripts/Restarter.cs'
'Assets/Standard Assets/Cameras/Scripts/AbstractTargetFollower.cs'
'Assets/Standard Assets/Cameras/Scripts/AutoCam.cs'
'Assets/Standard Assets/Cameras/Scripts/FreeLookCam.cs'
'Assets/Standard Assets/Cameras/Scripts/HandHeldCam.cs'
'Assets/Standard Assets/Cameras/Scripts/LookatTarget.cs'
'Assets/Standard Assets/Cameras/Scripts/PivotBasedCameraRig.cs'
'Assets/Standard Assets/Cameras/Scripts/ProtectCameraFromWallClip.cs'
'Assets/Standard Assets/Cameras/Scripts/TargetFieldOfView.cs'
'Assets/Standard Assets/Characters/FirstPersonCharacter/Scripts/FirstPersonController.cs'
'Assets/Standard Assets/Characters/FirstPersonCharacter/Scripts/HeadBob.cs'
'Assets/Standard Assets/Characters/FirstPersonCharacter/Scripts/MouseLook.cs'
'Assets/Standard Assets/Characters/FirstPersonCharacter/Scripts/RigidbodyFirstPersonController.cs'
'Assets/Standard Assets/Characters/RollerBall/Scripts/Ball.cs'
'Assets/Standard Assets/Characters/RollerBall/Scripts/BallUserControl.cs'
'Assets/Standard Assets/Characters/ThirdPersonCharacter/Scripts/AICharacterControl.cs'
'Assets/Standard Assets/Characters/ThirdPersonCharacter/Scripts/ThirdPersonCharacter.cs'
'Assets/Standard Assets/Characters/ThirdPersonCharacter/Scripts/ThirdPersonUserControl.cs'
'Assets/Standard Assets/CrossPlatformInput/Scripts/AxisTouchButton.cs'
'Assets/Standard Assets/CrossPlatformInput/Scripts/ButtonHandler.cs'
'Assets/Standard Assets/CrossPlatformInput/Scripts/CrossPlatformInputManager.cs'
'Assets/Standard Assets/CrossPlatformInput/Scripts/InputAxisScrollbar.cs'
'Assets/Standard Assets/CrossPlatformInput/Scripts/Joystick.cs'
'Assets/Standard Assets/CrossPlatformInput/Scripts/MobileControlRig.cs'
'Assets/Standard Assets/CrossPlatformInput/Scripts/PlatformSpecific/MobileInput.cs'
'Assets/Standard Assets/CrossPlatformInput/Scripts/PlatformSpecific/StandaloneInput.cs'
'Assets/Standard Assets/CrossPlatformInput/Scripts/TiltInput.cs'
'Assets/Standard Assets/CrossPlatformInput/Scripts/TouchPad.cs'
'Assets/Standard Assets/CrossPlatformInput/Scripts/VirtualInput.cs'
'Assets/Standard Assets/Environment/Water (Basic)/Scripts/WaterBasic.cs'
'Assets/Standard Assets/Environment/Water/Water/Scripts/Displace.cs'
'Assets/Standard Assets/Environment/Water/Water/Scripts/GerstnerDisplace.cs'
'Assets/Standard Assets/Environment/Water/Water/Scripts/MeshContainer.cs'
'Assets/Standard Assets/Environment/Water/Water/Scripts/PlanarReflection.cs'
'Assets/Standard Assets/Environment/Water/Water/Scripts/SpecularLighting.cs'
'Assets/Standard Assets/Environment/Water/Water/Scripts/Water.cs'
'Assets/Standard Assets/Environment/Water/Water/Scripts/WaterBase.cs'
'Assets/Standard Assets/Environment/Water/Water/Scripts/WaterTile.cs'
'Assets/Standard Assets/ParticleSystems/Scripts/AfterburnerPhysicsForce.cs'
'Assets/Standard Assets/ParticleSystems/Scripts/ExplosionFireAndDebris.cs'
'Assets/Standard Assets/ParticleSystems/Scripts/ExplosionPhysicsForce.cs'
'Assets/Standard Assets/ParticleSystems/Scripts/Explosive.cs'
'Assets/Standard Assets/ParticleSystems/Scripts/ExtinguishableParticleSystem.cs'
'Assets/Standard Assets/ParticleSystems/Scripts/FireLight.cs'
'Assets/Standard Assets/ParticleSystems/Scripts/Hose.cs'
'Assets/Standard Assets/ParticleSystems/Scripts/ParticleSystemMultiplier.cs'
'Assets/Standard Assets/ParticleSystems/Scripts/SmokeParticles.cs'
'Assets/Standard Assets/ParticleSystems/Scripts/WaterHoseParticles.cs'
'Assets/Standard Assets/Utility/ActivateTrigger.cs'
'Assets/Standard Assets/Utility/AlphaButtonClickMask.cs'
'Assets/Standard Assets/Utility/AutoMobileShaderSwitch.cs'
'Assets/Standard Assets/Utility/AutoMoveAndRotate.cs'
'Assets/Standard Assets/Utility/CameraRefocus.cs'
'Assets/Standard Assets/Utility/CurveControlledBob.cs'
'Assets/Standard Assets/Utility/DragRigidbody.cs'
'Assets/Standard Assets/Utility/DynamicShadowSettings.cs'
'Assets/Standard Assets/Utility/EventSystemChecker.cs'
'Assets/Standard Assets/Utility/FollowTarget.cs'
'Assets/Standard Assets/Utility/ForcedReset.cs'
'Assets/Standard Assets/Utility/FOVKick.cs'
'Assets/Standard Assets/Utility/FPSCounter.cs'
'Assets/Standard Assets/Utility/LerpControlledBob.cs'
'Assets/Standard Assets/Utility/ObjectResetter.cs'
'Assets/Standard Assets/Utility/ParticleSystemDestroyer.cs'
'Assets/Standard Assets/Utility/PlatformSpecificContent.cs'
'Assets/Standard Assets/Utility/SimpleActivatorMenu.cs'
'Assets/Standard Assets/Utility/SimpleMouseRotator.cs'
'Assets/Standard Assets/Utility/SmoothFollow.cs'
'Assets/Standard Assets/Utility/TimedObjectActivator.cs'
'Assets/Standard Assets/Utility/TimedObjectDestructor.cs'
'Assets/Standard Assets/Utility/WaypointCircuit.cs'
'Assets/Standard Assets/Utility/WaypointProgressTracker.cs'
'Assets/Standard Assets/Vehicles/Aircraft/Scripts/AeroplaneAiControl.cs'
'Assets/Standard Assets/Vehicles/Aircraft/Scripts/AeroplaneAudio.cs'
'Assets/Standard Assets/Vehicles/Aircraft/Scripts/AeroplaneController.cs'
'Assets/Standard Assets/Vehicles/Aircraft/Scripts/AeroplaneControlSurfaceAnimator.cs'
'Assets/Standard Assets/Vehicles/Aircraft/Scripts/AeroplanePropellerAnimator.cs'
'Assets/Standard Assets/Vehicles/Aircraft/Scripts/AeroplaneUserControl2Axis.cs'
'Assets/Standard Assets/Vehicles/Aircraft/Scripts/AeroplaneUserControl4Axis.cs'
'Assets/Standard Assets/Vehicles/Aircraft/Scripts/JetParticleEffect.cs'
'Assets/Standard Assets/Vehicles/Aircraft/Scripts/LandingGear.cs'
'Assets/Standard Assets/Vehicles/Car/Scripts/BrakeLight.cs'
'Assets/Standard Assets/Vehicles/Car/Scripts/CarAIControl.cs'
'Assets/Standard Assets/Vehicles/Car/Scripts/CarAudio.cs'
'Assets/Standard Assets/Vehicles/Car/Scripts/CarController.cs'
'Assets/Standard Assets/Vehicles/Car/Scripts/CarSelfRighting.cs'
'Assets/Standard Assets/Vehicles/Car/Scripts/CarUserControl.cs'
'Assets/Standard Assets/Vehicles/Car/Scripts/Mudguard.cs'
'Assets/Standard Assets/Vehicles/Car/Scripts/SkidTrail.cs'
'Assets/Standard Assets/Vehicles/Car/Scripts/Suspension.cs'
'Assets/Standard Assets/Vehicles/Car/Scripts/WheelEffects.cs'
-r:'/home/cebu_english_club/Unity-2017.4.4f1/Editor/Data/Mono/lib/mono/unity/System.Runtime.Serialization.dll'
-r:'/home/cebu_english_club/Unity-2017.4.4f1/Editor/Data/Mono/lib/mono/unity/System.Xml.Linq.dll'
-r:'/home/cebu_english_club/Unity-2017.4.4f1/Editor/Data/Mono/lib/mono/unity/UnityScript.dll'
-r:'/home/cebu_english_club/Unity-2017.4.4f1/Editor/Data/Mono/lib/mono/unity/UnityScript.Lang.dll'
-r:'/home/cebu_english_club/Unity-2017.4.4f1/Editor/Data/Mono/lib/mono/unity/Boo.Lang.dll'
-sdk:unity

-----CompilerOutput:-stdout--exitcode: 255--compilationhadfailure: True--outfile: Temp/Assembly-CSharp-firstpass.dll
-----CompilerOutput:-stderr----------
-----EndCompilerOutput---------------
- Finished compile Library/ScriptAssemblies/Assembly-CSharp-firstpass.dll

 
(Filename:  Line: 0)

Validating Project structure ... 0.013461 seconds.
Refresh: detecting if any assets need to be imported or removed ... 
Hashing assets ... 0.000 seconds
  file open: 0.000 seconds (2 files)
  file read: 0.000 seconds (0.026 MB)
  hash: 0.000 seconds
----- Compute hash(es) for 1 asset(s).

Refresh: elapses 0.015571 seconds
Updating Assets/Standard Assets/Editor/CrossPlatformInput/unity.log - GUID: e49a4cf19f86e447f9b248a64a53dd74...
 done. [Time: 58.467000 ms] 
Refreshing native plugins compatible for Editor in 2.64 ms, found 0 plugins.
Preloading 0 native plugins for Editor in 0.00 ms.

----- Total AssetImport time: 0.094416s, AssetImport time: 0.088296s, Asset hashing: 0.000430s [26.9 KB, 61.028503 mb/s]

Warming cache for 998 main assets: 0.004917 seconds elapsed
Initializing Unity extensions:
Updating Library/FacebookSDK/Facebook.Unity.Arcade.dll - GUID: bb6b4101ad2c42ec99f064a70c354e3c...
 done. [Time: 34.624000 ms] 
Refreshing native plugins compatible for Editor in 2.89 ms, found 0 plugins.
Preloading 0 native plugins for Editor in 0.00 ms.

----- Total AssetImport time: 0.051545s, AssetImport time: 0.047902s, Asset hashing: 0.000000s [0 B, 0.000000 mb/s]

Updating Library/FacebookSDK/Facebook.Unity.dll - GUID: 2403d1f95ea54028853403e595bc9274...
 done. [Time: 50.128000 ms] 
Refreshing native plugins compatible for Editor in 2.85 ms, found 0 plugins.
Preloading 0 native plugins for Editor in 0.00 ms.

----- Total AssetImport time: 0.113749s, AssetImport time: 0.081212s, Asset hashing: 0.000000s [0 B, 0.000000 mb/s]

Updating Library/FacebookSDK/Facebook.Unity.dll - GUID: 2403d1f95ea54028853403e595bc9274...
 done. [Time: 26.643000 ms] 
Refreshing native plugins compatible for Editor in 2.91 ms, found 0 plugins.
Preloading 0 native plugins for Editor in 0.00 ms.

----- Total AssetImport time: 0.087210s, AssetImport time: 0.062005s, Asset hashing: 0.000000s [0 B, 0.000000 mb/s]

Updating Library/FacebookSDK/Facebook.Unity.Arcade.dll - GUID: bb6b4101ad2c42ec99f064a70c354e3c...
 done. [Time: 3.987000 ms] 
Refreshing native plugins compatible for Editor in 2.89 ms, found 0 plugins.
Preloading 0 native plugins for Editor in 0.00 ms.

----- Total AssetImport time: 0.064585s, AssetImport time: 0.038969s, Asset hashing: 0.000000s [0 B, 0.000000 mb/s]

Updating Library/FacebookSDK/Facebook.Unity.Arcade.dll - GUID: bb6b4101ad2c42ec99f064a70c354e3c...
 done. [Time: 3.144000 ms] 
Refreshing native plugins compatible for Editor in 2.81 ms, found 0 plugins.
Preloading 0 native plugins for Editor in 0.00 ms.

----- Total AssetImport time: 0.055319s, AssetImport time: 0.031316s, Asset hashing: 0.000000s [0 B, 0.000000 mb/s]

Updating Library/FacebookSDK/Facebook.Unity.Settings.dll - GUID: 18b4dbf8a0b54ea4adf46fb7f4d71dd0...
 done. [Time: 4.025000 ms] 
Refreshing native plugins compatible for Editor in 3.57 ms, found 0 plugins.
Preloading 0 native plugins for Editor in 0.00 ms.

----- Total AssetImport time: 0.058254s, AssetImport time: 0.035870s, Asset hashing: 0.000000s [0 B, 0.000000 mb/s]

Updating Library/FacebookSDK/Facebook.Unity.Settings.dll - GUID: 18b4dbf8a0b54ea4adf46fb7f4d71dd0...
 done. [Time: 3.988000 ms] 
Refreshing native plugins compatible for Editor in 2.83 ms, found 0 plugins.
Preloading 0 native plugins for Editor in 0.00 ms.

----- Total AssetImport time: 0.055260s, AssetImport time: 0.032890s, Asset hashing: 0.000000s [0 B, 0.000000 mb/s]

Updating Library/FacebookSDK/FacebookNamedPipeClient.dll - GUID: 51288a4fc4384861a5b1f9dd49b3da26...
 done. [Time: 15.879000 ms] 
Refreshing native plugins compatible for Editor in 2.91 ms, found 0 plugins.
Preloading 0 native plugins for Editor in 0.00 ms.

----- Total AssetImport time: 0.073859s, AssetImport time: 0.050461s, Asset hashing: 0.000000s [0 B, 0.000000 mb/s]

Updating Library/FacebookSDK/FacebookNamedPipeClient.dll - GUID: 51288a4fc4384861a5b1f9dd49b3da26...
 done. [Time: 15.325000 ms] 
Refreshing native plugins compatible for Editor in 2.91 ms, found 0 plugins.
Preloading 0 native plugins for Editor in 0.00 ms.

----- Total AssetImport time: 0.073911s, AssetImport time: 0.049333s, Asset hashing: 0.000000s [0 B, 0.000000 mb/s]

 '/home/cebu_english_club/Unity-2017.4.4f1/Editor/Data/UnityExtensions/Unity/UnityHoloLens/Editor/UnityEditor.HoloLens.dll'  GUID: 12fd8a0055b84bb59e84c9835a37e333
 'Library/FacebookSDK/Facebook.Unity.Arcade.dll'  GUID: bb6b4101ad2c42ec99f064a70c354e3c
 'Library/FacebookSDK/Facebook.Unity.Settings.dll'  GUID: 18b4dbf8a0b54ea4adf46fb7f4d71dd0
 'Library/FacebookSDK/Facebook.Unity.dll'  GUID: 2403d1f95ea54028853403e595bc9274
 '/home/cebu_english_club/Unity-2017.4.4f1/Editor/Data/UnityExtensions/Unity/UnityHoloLens/RuntimeEditor/UnityEngine.HoloLens.dll'  GUID: 1c6d1fbb51834b64847b1b73a75bfc77
 '/home/cebu_english_club/Unity-2017.4.4f1/Editor/Data/UnityExtensions/Unity/UnitySpatialTracking/RuntimeEditor/UnityEngine.SpatialTracking.dll'  GUID: 3a84de5cd0624681b6b6dcd8921d912a
 'Library/FacebookSDK/FacebookNamedPipeClient.dll'  GUID: 51288a4fc4384861a5b1f9dd49b3da26
Unloading 172 Unused Serialized files (Serialized files now loaded: 0)
System memory in use before: 17.4 MB.
System memory in use after: 17.4 MB.

Unloading 37 unused Assets to reduce memory usage. Loaded Objects now: 536.
Total: 2.293000 ms (FindLiveObjects: 0.248000 ms CreateObjectMapping: 0.011000 ms MarkObjects: 1.923000 ms  DeleteObjects: 0.111000 ms)

executeMethod class 'CrossPlatformInitialize' could not be found.
Argument was -executeMethod UnityStandardAssets.CrossPlatformInput.Inspector.CrossPlatformInitialize.Enable
 
(Filename: /home/builduser/buildslave/unity/build/Runtime/Utilities/Argv.cpp Line: 226)


Aborting batchmode due to failure:
executeMethod class 'CrossPlatformInitialize' could not be found.
Argument was -executeMethod UnityStandardAssets.CrossPlatformInput.Inspector.CrossPlatformInitialize.Enable

